# JRE version: OpenJDK Runtime Environment Temurin-17.0.10+7 (17.0.10+7) (build 17.0.10+7)
# Java VM: OpenJDK 64-Bit Server VM Temurin-17.0.10+7 (17.0.10+7, mixed mode, tiered, compressed oops, compressed class ptrs, parallel gc, windows-amd64)
GC Precious Log:
 CPUs: 4 total, 4 available
 Memory: 24390M
 Large Page Support: Disabled
 NUMA Support: Disabled
 Compressed Oops: Enabled (32-bit)
 Alignments: Space 512K, Generation 512K, Heap 2M
 Heap Min Capacity: 100M
 Heap Initial Capacity: 100M
 Heap Max Capacity: 1G
 Pre-touch: Disabled
 Parallel Workers: 4
Heap:
 PSYoungGen      total 23040K, used 11434K [0x00000000eab00000, 0x00000000ec780000, 0x0000000100000000)
  eden space 20992K, 44% used [0x00000000eab00000,0x00000000eb42dcf8,0x00000000ebf80000)
  from space 2048K, 99% used [0x00000000ec380000,0x00000000ec57cb68,0x00000000ec580000)
  to   space 4096K, 0% used [0x00000000ebf80000,0x00000000ebf80000,0x00000000ec380000)
 ParOldGen       total 68608K, used 43835K [0x00000000c0000000, 0x00000000c4300000, 0x00000000eab00000)
  object space 68608K, 63% used [0x00000000c0000000,0x00000000c2acef48,0x00000000c4300000)
 Metaspace       used 60019K, committed 61184K, reserved 1114112K
  class space    used 6476K, committed 6976K, reserved 1048576K
GC Heap History (20 events):
Event: 20.120 GC heap before
{Heap before GC invocations=26 (full 2):
 PSYoungGen      total 23552K, used 23099K [0x00000000eab00000, 0x00000000ec480000, 0x0000000100000000)
  eden space 20992K, 100% used [0x00000000eab00000,0x00000000ebf80000,0x00000000ebf80000)
  from space 2560K, 82% used [0x00000000ebf80000,0x00000000ec18ec08,0x00000000ec200000)
  to   space 2560K, 0% used [0x00000000ec200000,0x00000000ec200000,0x00000000ec480000)
 ParOldGen       total 68608K, used 32236K [0x00000000c0000000, 0x00000000c4300000, 0x00000000eab00000)
  object space 68608K, 46% used [0x00000000c0000000,0x00000000c1f7b088,0x00000000c4300000)
 Metaspace       used 54231K, committed 55360K, reserved 1114112K
  class space    used 5834K, committed 6336K, reserved 1048576K
}
Event: 20.125 GC heap after
{Heap after GC invocations=26 (full 2):
 PSYoungGen      total 23552K, used 2432K [0x00000000eab00000, 0x00000000ec480000, 0x0000000100000000)
  eden space 20992K, 0% used [0x00000000eab00000,0x00000000eab00000,0x00000000ebf80000)
  from space 2560K, 95% used [0x00000000ec200000,0x00000000ec460010,0x00000000ec480000)
  to   space 2560K, 0% used [0x00000000ebf80000,0x00000000ebf80000,0x00000000ec200000)
 ParOldGen       total 68608K, used 34277K [0x00000000c0000000, 0x00000000c4300000, 0x00000000eab00000)
  object space 68608K, 49% used [0x00000000c0000000,0x00000000c2179528,0x00000000c4300000)
 Metaspace       used 54231K, committed 55360K, reserved 1114112K
  class space    used 5834K, committed 6336K, reserved 1048576K
}
Event: 20.466 GC heap before
{Heap before GC invocations=27 (full 2):
 PSYoungGen      total 23552K, used 23424K [0x00000000eab00000, 0x00000000ec480000, 0x0000000100000000)
  eden space 20992K, 100% used [0x00000000eab00000,0x00000000ebf80000,0x00000000ebf80000)
  from space 2560K, 95% used [0x00000000ec200000,0x00000000ec460010,0x00000000ec480000)
  to   space 2560K, 0% used [0x00000000ebf80000,0x00000000ebf80000,0x00000000ec200000)
 ParOldGen       total 68608K, used 34277K [0x00000000c0000000, 0x00000000c4300000, 0x00000000eab00000)
  object space 68608K, 49% used [0x00000000c0000000,0x00000000c2179528,0x00000000c4300000)
 Metaspace       used 54413K, committed 55552K, reserved 1114112K
  class space    used 5846K, committed 6336K, reserved 1048576K
}
Event: 20.471 GC heap after
{Heap after GC invocations=27 (full 2):
 PSYoungGen      total 23552K, used 2560K [0x00000000eab00000, 0x00000000ecb80000, 0x0000000100000000)
  eden space 20992K, 0% used [0x00000000eab00000,0x00000000eab00000,0x00000000ebf80000)
  from space 2560K, 100% used [0x00000000ebf80000,0x00000000ec200000,0x00000000ec200000)
  to   space 6144K, 0% used [0x00000000ec580000,0x00000000ec580000,0x00000000ecb80000)
 ParOldGen       total 68608K, used 37265K [0x00000000c0000000, 0x00000000c4300000, 0x00000000eab00000)
  object space 68608K, 54% used [0x00000000c0000000,0x00000000c24647c0,0x00000000c4300000)
 Metaspace       used 54413K, committed 55552K, reserved 1114112K
  class space    used 5846K, committed 6336K, reserved 1048576K
}
Event: 21.665 GC heap before
{Heap before GC invocations=28 (full 2):
 PSYoungGen      total 23552K, used 23552K [0x00000000eab00000, 0x00000000ecb80000, 0x0000000100000000)
  eden space 20992K, 100% used [0x00000000eab00000,0x00000000ebf80000,0x00000000ebf80000)
  from space 2560K, 100% used [0x00000000ebf80000,0x00000000ec200000,0x00000000ec200000)
  to   space 6144K, 0% used [0x00000000ec580000,0x00000000ec580000,0x00000000ecb80000)
 ParOldGen       total 68608K, used 37265K [0x00000000c0000000, 0x00000000c4300000, 0x00000000eab00000)
  object space 68608K, 54% used [0x00000000c0000000,0x00000000c24647c0,0x00000000c4300000)
 Metaspace       used 55093K, committed 56256K, reserved 1114112K
  class space    used 5911K, committed 6400K, reserved 1048576K
}
Event: 21.671 GC heap after
{Heap after GC invocations=28 (full 2):
 PSYoungGen      total 23040K, used 1910K [0x00000000eab00000, 0x00000000ec780000, 0x0000000100000000)
  eden space 20992K, 0% used [0x00000000eab00000,0x00000000eab00000,0x00000000ebf80000)
  from space 2048K, 93% used [0x00000000ec580000,0x00000000ec75d8c8,0x00000000ec780000)
  to   space 3584K, 0% used [0x00000000ec080000,0x00000000ec080000,0x00000000ec400000)
 ParOldGen       total 68608K, used 39805K [0x00000000c0000000, 0x00000000c4300000, 0x00000000eab00000)
  object space 68608K, 58% used [0x00000000c0000000,0x00000000c26df458,0x00000000c4300000)
 Metaspace       used 55093K, committed 56256K, reserved 1114112K
  class space    used 5911K, committed 6400K, reserved 1048576K
}
Event: 21.773 GC heap before
{Heap before GC invocations=29 (full 2):
 PSYoungGen      total 23040K, used 22902K [0x00000000eab00000, 0x00000000ec780000, 0x0000000100000000)
  eden space 20992K, 100% used [0x00000000eab00000,0x00000000ebf80000,0x00000000ebf80000)
  from space 2048K, 93% used [0x00000000ec580000,0x00000000ec75d8c8,0x00000000ec780000)
  to   space 3584K, 0% used [0x00000000ec080000,0x00000000ec080000,0x00000000ec400000)
 ParOldGen       total 68608K, used 39805K [0x00000000c0000000, 0x00000000c4300000, 0x00000000eab00000)
  object space 68608K, 58% used [0x00000000c0000000,0x00000000c26df458,0x00000000c4300000)
 Metaspace       used 55346K, committed 56512K, reserved 1114112K
  class space    used 5935K, committed 6464K, reserved 1048576K
}
Event: 21.778 GC heap after
{Heap after GC invocations=29 (full 2):
 PSYoungGen      total 24576K, used 1685K [0x00000000eab00000, 0x00000000ec600000, 0x0000000100000000)
  eden space 20992K, 0% used [0x00000000eab00000,0x00000000eab00000,0x00000000ebf80000)
  from space 3584K, 47% used [0x00000000ec080000,0x00000000ec2255d0,0x00000000ec400000)
  to   space 2048K, 0% used [0x00000000ec400000,0x00000000ec400000,0x00000000ec600000)
 ParOldGen       total 68608K, used 41331K [0x00000000c0000000, 0x00000000c4300000, 0x00000000eab00000)
  object space 68608K, 60% used [0x00000000c0000000,0x00000000c285cf38,0x00000000c4300000)
 Metaspace       used 55346K, committed 56512K, reserved 1114112K
  class space    used 5935K, committed 6464K, reserved 1048576K
}
Event: 23.022 GC heap before
{Heap before GC invocations=30 (full 2):
 PSYoungGen      total 24576K, used 22677K [0x00000000eab00000, 0x00000000ec600000, 0x0000000100000000)
  eden space 20992K, 100% used [0x00000000eab00000,0x00000000ebf80000,0x00000000ebf80000)
  from space 3584K, 47% used [0x00000000ec080000,0x00000000ec2255d0,0x00000000ec400000)
  to   space 2048K, 0% used [0x00000000ec400000,0x00000000ec400000,0x00000000ec600000)
 ParOldGen       total 68608K, used 41331K [0x00000000c0000000, 0x00000000c4300000, 0x00000000eab00000)
  object space 68608K, 60% used [0x00000000c0000000,0x00000000c285cf38,0x00000000c4300000)
 Metaspace       used 55820K, committed 56960K, reserved 1114112K
  class space    used 5986K, committed 6464K, reserved 1048576K
}
Event: 23.026 GC heap after
{Heap after GC invocations=30 (full 2):
 PSYoungGen      total 23040K, used 1696K [0x00000000eab00000, 0x00000000ec600000, 0x0000000100000000)
  eden space 20992K, 0% used [0x00000000eab00000,0x00000000eab00000,0x00000000ebf80000)
  from space 2048K, 82% used [0x00000000ec400000,0x00000000ec5a8000,0x00000000ec600000)
  to   space 2048K, 0% used [0x00000000ec200000,0x00000000ec200000,0x00000000ec400000)
 ParOldGen       total 68608K, used 42929K [0x00000000c0000000, 0x00000000c4300000, 0x00000000eab00000)
  object space 68608K, 62% used [0x00000000c0000000,0x00000000c29ec750,0x00000000c4300000)
 Metaspace       used 55820K, committed 56960K, reserved 1114112K
  class space    used 5986K, committed 6464K, reserved 1048576K
}
Event: 24.144 GC heap before
{Heap before GC invocations=31 (full 2):
 PSYoungGen      total 23040K, used 22688K [0x00000000eab00000, 0x00000000ec600000, 0x0000000100000000)
  eden space 20992K, 100% used [0x00000000eab00000,0x00000000ebf80000,0x00000000ebf80000)
  from space 2048K, 82% used [0x00000000ec400000,0x00000000ec5a8000,0x00000000ec600000)
  to   space 2048K, 0% used [0x00000000ec200000,0x00000000ec200000,0x00000000ec400000)
 ParOldGen       total 68608K, used 42929K [0x00000000c0000000, 0x00000000c4300000, 0x00000000eab00000)
  object space 68608K, 62% used [0x00000000c0000000,0x00000000c29ec750,0x00000000c4300000)
 Metaspace       used 57374K, committed 58496K, reserved 1114112K
  class space    used 6177K, committed 6656K, reserved 1048576K
}
Event: 24.149 GC heap after
{Heap after GC invocations=31 (full 2):
 PSYoungGen      total 23040K, used 2033K [0x00000000eab00000, 0x00000000eca80000, 0x0000000100000000)
  eden space 20992K, 0% used [0x00000000eab00000,0x00000000eab00000,0x00000000ebf80000)
  from space 2048K, 99% used [0x00000000ec200000,0x00000000ec3fc668,0x00000000ec400000)
  to   space 5632K, 0% used [0x00000000ec500000,0x00000000ec500000,0x00000000eca80000)
 ParOldGen       total 68608K, used 45711K [0x00000000c0000000, 0x00000000c4300000, 0x00000000eab00000)
  object space 68608K, 66% used [0x00000000c0000000,0x00000000c2ca3ec8,0x00000000c4300000)
 Metaspace       used 57374K, committed 58496K, reserved 1114112K
  class space    used 6177K, committed 6656K, reserved 1048576K
}
Event: 28.956 GC heap before
{Heap before GC invocations=32 (full 2):
 PSYoungGen      total 23040K, used 19343K [0x00000000eab00000, 0x00000000eca80000, 0x0000000100000000)
  eden space 20992K, 82% used [0x00000000eab00000,0x00000000ebbe7970,0x00000000ebf80000)
  from space 2048K, 99% used [0x00000000ec200000,0x00000000ec3fc668,0x00000000ec400000)
  to   space 5632K, 0% used [0x00000000ec500000,0x00000000ec500000,0x00000000eca80000)
 ParOldGen       total 68608K, used 45711K [0x00000000c0000000, 0x00000000c4300000, 0x00000000eab00000)
  object space 68608K, 66% used [0x00000000c0000000,0x00000000c2ca3ec8,0x00000000c4300000)
 Metaspace       used 58660K, committed 59776K, reserved 1114112K
  class space    used 6321K, committed 6784K, reserved 1048576K
}
Event: 28.959 GC heap after
{Heap after GC invocations=32 (full 2):
 PSYoungGen      total 23552K, used 2342K [0x00000000eab00000, 0x00000000ec780000, 0x0000000100000000)
  eden space 20992K, 0% used [0x00000000eab00000,0x00000000eab00000,0x00000000ebf80000)
  from space 2560K, 91% used [0x00000000ec500000,0x00000000ec749a00,0x00000000ec780000)
  to   space 3584K, 0% used [0x00000000ec080000,0x00000000ec080000,0x00000000ec400000)
 ParOldGen       total 68608K, used 47610K [0x00000000c0000000, 0x00000000c4300000, 0x00000000eab00000)
  object space 68608K, 69% used [0x00000000c0000000,0x00000000c2e7ea60,0x00000000c4300000)
 Metaspace       used 58660K, committed 59776K, reserved 1114112K
  class space    used 6321K, committed 6784K, reserved 1048576K
}
Event: 28.959 GC heap before
{Heap before GC invocations=33 (full 3):
 PSYoungGen      total 23552K, used 2342K [0x00000000eab00000, 0x00000000ec780000, 0x0000000100000000)
  eden space 20992K, 0% used [0x00000000eab00000,0x00000000eab00000,0x00000000ebf80000)
  from space 2560K, 91% used [0x00000000ec500000,0x00000000ec749a00,0x00000000ec780000)
  to   space 3584K, 0% used [0x00000000ec080000,0x00000000ec080000,0x00000000ec400000)
 ParOldGen       total 68608K, used 47610K [0x00000000c0000000, 0x00000000c4300000, 0x00000000eab00000)
  object space 68608K, 69% used [0x00000000c0000000,0x00000000c2e7ea60,0x00000000c4300000)
 Metaspace       used 58660K, committed 59776K, reserved 1114112K
  class space    used 6321K, committed 6784K, reserved 1048576K
}
Event: 29.083 GC heap after
{Heap after GC invocations=33 (full 3):
 PSYoungGen      total 23552K, used 0K [0x00000000eab00000, 0x00000000ec780000, 0x0000000100000000)
  eden space 20992K, 0% used [0x00000000eab00000,0x00000000eab00000,0x00000000ebf80000)
  from space 2560K, 0% used [0x00000000ec500000,0x00000000ec500000,0x00000000ec780000)
  to   space 3584K, 0% used [0x00000000ec080000,0x00000000ec080000,0x00000000ec400000)
 ParOldGen       total 68608K, used 42454K [0x00000000c0000000, 0x00000000c4300000, 0x00000000eab00000)
  object space 68608K, 61% used [0x00000000c0000000,0x00000000c2975bd8,0x00000000c4300000)
 Metaspace       used 58660K, committed 59776K, reserved 1114112K
  class space    used 6321K, committed 6784K, reserved 1048576K
}
Event: 29.915 GC heap before
{Heap before GC invocations=34 (full 3):
 PSYoungGen      total 23552K, used 20992K [0x00000000eab00000, 0x00000000ec780000, 0x0000000100000000)
  eden space 20992K, 100% used [0x00000000eab00000,0x00000000ebf80000,0x00000000ebf80000)
  from space 2560K, 0% used [0x00000000ec500000,0x00000000ec500000,0x00000000ec780000)
  to   space 3584K, 0% used [0x00000000ec080000,0x00000000ec080000,0x00000000ec400000)
 ParOldGen       total 68608K, used 42454K [0x00000000c0000000, 0x00000000c4300000, 0x00000000eab00000)
  object space 68608K, 61% used [0x00000000c0000000,0x00000000c2975bd8,0x00000000c4300000)
 Metaspace       used 59181K, committed 60352K, reserved 1114112K
  class space    used 6400K, committed 6912K, reserved 1048576K
}
Event: 29.917 GC heap after
{Heap after GC invocations=34 (full 3):
 PSYoungGen      total 22528K, used 1497K [0x00000000eab00000, 0x00000000ec580000, 0x0000000100000000)
  eden space 20992K, 0% used [0x00000000eab00000,0x00000000eab00000,0x00000000ebf80000)
  from space 1536K, 97% used [0x00000000ec080000,0x00000000ec1f66c8,0x00000000ec200000)
  to   space 2048K, 0% used [0x00000000ec380000,0x00000000ec380000,0x00000000ec580000)
 ParOldGen       total 68608K, used 42462K [0x00000000c0000000, 0x00000000c4300000, 0x00000000eab00000)
  object space 68608K, 61% used [0x00000000c0000000,0x00000000c2977bd8,0x00000000c4300000)
 Metaspace       used 59181K, committed 60352K, reserved 1114112K
  class space    used 6400K, committed 6912K, reserved 1048576K
}
Event: 31.146 GC heap before
{Heap before GC invocations=35 (full 3):
 PSYoungGen      total 22528K, used 22477K [0x00000000eab00000, 0x00000000ec580000, 0x0000000100000000)
  eden space 20992K, 99% used [0x00000000eab00000,0x00000000ebf7cdc8,0x00000000ebf80000)
  from space 1536K, 97% used [0x00000000ec080000,0x00000000ec1f66c8,0x00000000ec200000)
  to   space 2048K, 0% used [0x00000000ec380000,0x00000000ec380000,0x00000000ec580000)
 ParOldGen       total 68608K, used 42462K [0x00000000c0000000, 0x00000000c4300000, 0x00000000eab00000)
  object space 68608K, 61% used [0x00000000c0000000,0x00000000c2977bd8,0x00000000c4300000)
 Metaspace       used 59886K, committed 61120K, reserved 1114112K
  class space    used 6469K, committed 6976K, reserved 1048576K
}
Event: 31.149 GC heap after
{Heap after GC invocations=35 (full 3):
 PSYoungGen      total 23040K, used 2034K [0x00000000eab00000, 0x00000000ec780000, 0x0000000100000000)
  eden space 20992K, 0% used [0x00000000eab00000,0x00000000eab00000,0x00000000ebf80000)
  from space 2048K, 99% used [0x00000000ec380000,0x00000000ec57cb68,0x00000000ec580000)
  to   space 4096K, 0% used [0x00000000ebf80000,0x00000000ebf80000,0x00000000ec380000)
 ParOldGen       total 68608K, used 43835K [0x00000000c0000000, 0x00000000c4300000, 0x00000000eab00000)
  object space 68608K, 63% used [0x00000000c0000000,0x00000000c2acef48,0x00000000c4300000)
 Metaspace       used 59886K, committed 61120K, reserved 1114112K
  class space    used 6469K, committed 6976K, reserved 1048576K
}

