# JRE version: OpenJDK Runtime Environment Temurin-17.0.10+7 (17.0.10+7) (build 17.0.10+7)
# Java VM: OpenJDK 64-Bit Server VM Temurin-17.0.10+7 (17.0.10+7, mixed mode, emulated-client, tiered, compressed oops, compressed class ptrs, g1 gc, windows-amd64)
GC Precious Log:
 CPUs: 4 total, 4 available
 Memory: 24390M
 Large Page Support: Disabled
 NUMA Support: Disabled
 Compressed Oops: Enabled (32-bit)
 Heap Region Size: 1M
 Heap Min Capacity: 8M
 Heap Initial Capacity: 382M
 Heap Max Capacity: 1G
 Pre-touch: Disabled
 Parallel Workers: 4
 Concurrent Workers: 1
 Concurrent Refinement Workers: 4
 Periodic GC: Disabled
Heap:
 garbage-first heap   total 83968K, used 38196K [0x00000000c0000000, 0x0000000100000000)
  region size 1024K, 1 young (1024K), 0 survivors (0K)
 Metaspace       used 57939K, committed 58496K, reserved 1114112K
  class space    used 7152K, committed 7360K, reserved 1048576K
GC Heap History (20 events):
Event: 89532.705 GC heap before
{Heap before GC invocations=8814 (full 8796):
 garbage-first heap   total 83968K, used 38196K [0x00000000c0000000, 0x0000000100000000)
  region size 1024K, 1 young (1024K), 0 survivors (0K)
 Metaspace       used 57939K, committed 58496K, reserved 1114112K
  class space    used 7152K, committed 7360K, reserved 1048576K
}
Event: 89532.743 GC heap after
{Heap after GC invocations=8815 (full 8797):
 garbage-first heap   total 83968K, used 38196K [0x00000000c0000000, 0x0000000100000000)
  region size 1024K, 0 young (0K), 0 survivors (0K)
 Metaspace       used 57939K, committed 58496K, reserved 1114112K
  class space    used 7152K, committed 7360K, reserved 1048576K
}
Event: 89542.974 GC heap before
{Heap before GC invocations=8815 (full 8797):
 garbage-first heap   total 83968K, used 38196K [0x00000000c0000000, 0x0000000100000000)
  region size 1024K, 1 young (1024K), 0 survivors (0K)
 Metaspace       used 57939K, committed 58496K, reserved 1114112K
  class space    used 7152K, committed 7360K, reserved 1048576K
}
Event: 89543.008 GC heap after
{Heap after GC invocations=8816 (full 8798):
 garbage-first heap   total 83968K, used 38196K [0x00000000c0000000, 0x0000000100000000)
  region size 1024K, 0 young (0K), 0 survivors (0K)
 Metaspace       used 57939K, committed 58496K, reserved 1114112K
  class space    used 7152K, committed 7360K, reserved 1048576K
}
Event: 89553.145 GC heap before
{Heap before GC invocations=8816 (full 8798):
 garbage-first heap   total 83968K, used 38196K [0x00000000c0000000, 0x0000000100000000)
  region size 1024K, 1 young (1024K), 0 survivors (0K)
 Metaspace       used 57939K, committed 58496K, reserved 1114112K
  class space    used 7152K, committed 7360K, reserved 1048576K
}
Event: 89553.182 GC heap after
{Heap after GC invocations=8817 (full 8799):
 garbage-first heap   total 83968K, used 38196K [0x00000000c0000000, 0x0000000100000000)
  region size 1024K, 0 young (0K), 0 survivors (0K)
 Metaspace       used 57939K, committed 58496K, reserved 1114112K
  class space    used 7152K, committed 7360K, reserved 1048576K
}
Event: 89563.289 GC heap before
{Heap before GC invocations=8817 (full 8799):
 garbage-first heap   total 83968K, used 38196K [0x00000000c0000000, 0x0000000100000000)
  region size 1024K, 1 young (1024K), 0 survivors (0K)
 Metaspace       used 57939K, committed 58496K, reserved 1114112K
  class space    used 7152K, committed 7360K, reserved 1048576K
}
Event: 89563.318 GC heap after
{Heap after GC invocations=8818 (full 8800):
 garbage-first heap   total 83968K, used 38196K [0x00000000c0000000, 0x0000000100000000)
  region size 1024K, 0 young (0K), 0 survivors (0K)
 Metaspace       used 57939K, committed 58496K, reserved 1114112K
  class space    used 7152K, committed 7360K, reserved 1048576K
}
Event: 89573.494 GC heap before
{Heap before GC invocations=8818 (full 8800):
 garbage-first heap   total 83968K, used 38196K [0x00000000c0000000, 0x0000000100000000)
  region size 1024K, 1 young (1024K), 0 survivors (0K)
 Metaspace       used 57939K, committed 58496K, reserved 1114112K
  class space    used 7152K, committed 7360K, reserved 1048576K
}
Event: 89573.532 GC heap after
{Heap after GC invocations=8819 (full 8801):
 garbage-first heap   total 83968K, used 38196K [0x00000000c0000000, 0x0000000100000000)
  region size 1024K, 0 young (0K), 0 survivors (0K)
 Metaspace       used 57939K, committed 58496K, reserved 1114112K
  class space    used 7152K, committed 7360K, reserved 1048576K
}
Event: 89583.640 GC heap before
{Heap before GC invocations=8819 (full 8801):
 garbage-first heap   total 83968K, used 38196K [0x00000000c0000000, 0x0000000100000000)
  region size 1024K, 1 young (1024K), 0 survivors (0K)
 Metaspace       used 57939K, committed 58496K, reserved 1114112K
  class space    used 7152K, committed 7360K, reserved 1048576K
}
Event: 89583.666 GC heap after
{Heap after GC invocations=8820 (full 8802):
 garbage-first heap   total 83968K, used 38196K [0x00000000c0000000, 0x0000000100000000)
  region size 1024K, 0 young (0K), 0 survivors (0K)
 Metaspace       used 57939K, committed 58496K, reserved 1114112K
  class space    used 7152K, committed 7360K, reserved 1048576K
}
Event: 89593.808 GC heap before
{Heap before GC invocations=8820 (full 8802):
 garbage-first heap   total 83968K, used 38196K [0x00000000c0000000, 0x0000000100000000)
  region size 1024K, 1 young (1024K), 0 survivors (0K)
 Metaspace       used 57939K, committed 58496K, reserved 1114112K
  class space    used 7152K, committed 7360K, reserved 1048576K
}
Event: 89593.845 GC heap after
{Heap after GC invocations=8821 (full 8803):
 garbage-first heap   total 83968K, used 38196K [0x00000000c0000000, 0x0000000100000000)
  region size 1024K, 0 young (0K), 0 survivors (0K)
 Metaspace       used 57939K, committed 58496K, reserved 1114112K
  class space    used 7152K, committed 7360K, reserved 1048576K
}
Event: 89603.967 GC heap before
{Heap before GC invocations=8821 (full 8803):
 garbage-first heap   total 83968K, used 38196K [0x00000000c0000000, 0x0000000100000000)
  region size 1024K, 1 young (1024K), 0 survivors (0K)
 Metaspace       used 57939K, committed 58496K, reserved 1114112K
  class space    used 7152K, committed 7360K, reserved 1048576K
}
Event: 89603.999 GC heap after
{Heap after GC invocations=8822 (full 8804):
 garbage-first heap   total 83968K, used 38196K [0x00000000c0000000, 0x0000000100000000)
  region size 1024K, 0 young (0K), 0 survivors (0K)
 Metaspace       used 57939K, committed 58496K, reserved 1114112K
  class space    used 7152K, committed 7360K, reserved 1048576K
}
Event: 89614.122 GC heap before
{Heap before GC invocations=8822 (full 8804):
 garbage-first heap   total 83968K, used 38196K [0x00000000c0000000, 0x0000000100000000)
  region size 1024K, 1 young (1024K), 0 survivors (0K)
 Metaspace       used 57939K, committed 58496K, reserved 1114112K
  class space    used 7152K, committed 7360K, reserved 1048576K
}
Event: 89614.150 GC heap after
{Heap after GC invocations=8823 (full 8805):
 garbage-first heap   total 83968K, used 38196K [0x00000000c0000000, 0x0000000100000000)
  region size 1024K, 0 young (0K), 0 survivors (0K)
 Metaspace       used 57939K, committed 58496K, reserved 1114112K
  class space    used 7152K, committed 7360K, reserved 1048576K
}
Event: 89624.309 GC heap before
{Heap before GC invocations=8823 (full 8805):
 garbage-first heap   total 83968K, used 38196K [0x00000000c0000000, 0x0000000100000000)
  region size 1024K, 1 young (1024K), 0 survivors (0K)
 Metaspace       used 57939K, committed 58496K, reserved 1114112K
  class space    used 7152K, committed 7360K, reserved 1048576K
}
Event: 89624.345 GC heap after
{Heap after GC invocations=8824 (full 8806):
 garbage-first heap   total 83968K, used 38196K [0x00000000c0000000, 0x0000000100000000)
  region size 1024K, 0 young (0K), 0 survivors (0K)
 Metaspace       used 57939K, committed 58496K, reserved 1114112K
  class space    used 7152K, committed 7360K, reserved 1048576K
}

